<?xml version="1.0" encoding="UTF-8"?>
<!-- Generated by org.testng.reporters.JUnitReportReporter -->
<testsuite hostname="Ashok" failures="0" tests="1" name="test1.Test99GuruLoginWithPageFactory" time="2.013" errors="0" timestamp="2022-02-10T16:51:17 IST" skipped="0">
  <testcase classname="test1.Test99GuruLoginWithPageFactory" name="test_Home_Page_Appear_Correct" time="2.013"/>
  <system-out/>
</testsuite> <!-- test1.Test99GuruLoginWithPageFactory -->
