<?xml version="1.0" encoding="UTF-8"?>
<!-- Generated by org.testng.reporters.JUnitReportReporter -->
<testsuite hostname="Ashok" failures="0" tests="1" name="privatePom.Login" time="23.828" errors="0" timestamp="2022-02-10T17:13:04 IST" skipped="0">
  <testcase classname="privatePom.Login" name="test" time="23.828"/>
  <system-out/>
</testsuite> <!-- privatePom.Login -->
