<?xml version="1.0" encoding="UTF-8"?>
<!-- Generated by org.testng.reporters.JUnitReportReporter -->
<testsuite hostname="Ashok" failures="0" tests="1" name="test.Test99GuruLogin" time="1.270" errors="0" timestamp="2022-02-10T16:23:01 IST" skipped="0">
  <testcase classname="test.Test99GuruLogin" name="test_Home_Page_Appear_Correct" time="1.270"/>
  <system-out/>
</testsuite> <!-- test.Test99GuruLogin -->
